<?xml version="1.0" encoding="UTF-8"?>
<!-- Generated by org.testng.reporters.JUnitReportReporter -->
<testsuite hostname="DESKTOP-U59VHUT" failures="0" tests="3" name="testng.demo.DemoTest" time="0.025" errors="0" timestamp="2023-05-06T11:46:29 BDT" skipped="0">
  <testcase classname="testng.demo.DemoTest" name="personalLoanDesktop" time="0.018"/>
  <system-out/>
  <testcase classname="testng.demo.DemoTest" name="personalLoanMobile" time="0.004"/>
  <system-out/>
  <testcase classname="testng.demo.DemoTest" name="personalLoanWeb" time="0.003"/>
  <system-out/>
</testsuite> <!-- testng.demo.DemoTest -->
