<?xml version="1.0" encoding="UTF-8"?>
<!-- Generated by org.testng.reporters.JUnitReportReporter -->
<testsuite hostname="DESKTOP-U59VHUT" failures="0" tests="1" name="sqa1.testng.demo.DemoTest" time="0.015" errors="0" timestamp="2023-05-06T11:21:10 BDT" skipped="0">
  <testcase classname="sqa1.testng.demo.DemoTest" name="personalLoanWeb" time="0.015"/>
  <system-out/>
</testsuite> <!-- sqa1.testng.demo.DemoTest -->
