<?xml version="1.0" encoding="UTF-8"?>
<!-- Generated by org.testng.reporters.JUnitReportReporter -->
<testsuite hostname="DESKTOP-U59VHUT" failures="0" tests="1" name="selenium.screenshot.ScreenshotDemo" time="4.446" errors="0" timestamp="2023-06-02T14:25:02 BDT" skipped="0">
  <testcase classname="selenium.screenshot.ScreenshotDemo" name="screenshotTest" time="4.446"/>
  <system-out/>
</testsuite> <!-- selenium.screenshot.ScreenshotDemo -->
