<?xml version="1.0" encoding="UTF-8"?>
<!-- Generated by org.testng.reporters.JUnitReportReporter -->
<testsuite hostname="DESKTOP-U59VHUT" failures="0" tests="4" name="testng.loan.PersonalLoan" time="0.018" errors="0" timestamp="2023-05-06T12:18:24 BDT" skipped="0">
  <testcase classname="testng.loan.PersonalLoan" name="personalAdvanceDesktop" time="0.012"/>
  <system-out/>
  <testcase classname="testng.loan.PersonalLoan" name="personalLoanDesktop" time="0.001"/>
  <system-out/>
  <testcase classname="testng.loan.PersonalLoan" name="personalAdvanceWeb" time="0.001"/>
  <system-out/>
  <testcase classname="testng.loan.PersonalLoan" name="personalLoanWeb" time="0.004"/>
  <system-out/>
</testsuite> <!-- testng.loan.PersonalLoan -->
