<?xml version="1.0" encoding="UTF-8"?>
<!-- Generated by org.testng.reporters.JUnitReportReporter -->
<testsuite hostname="DESKTOP-U59VHUT" failures="0" tests="2" name="testng.demo.PersonalLoan" time="0.013" errors="0" timestamp="2023-05-06T12:04:11 BDT" skipped="0">
  <testcase classname="testng.demo.PersonalLoan" name="personalAdvanceWeb" time="0.011"/>
  <system-out/>
  <testcase classname="testng.demo.PersonalLoan" name="personalLoanWeb" time="0.002"/>
  <system-out/>
</testsuite> <!-- testng.demo.PersonalLoan -->
