<?xml version="1.0" encoding="UTF-8"?>
<!-- Generated by org.testng.reporters.JUnitReportReporter -->
<testsuite hostname="DESKTOP-U59VHUT" failures="0" tests="4" name="selenium.alert.AlertTest" time="47.974" errors="0" timestamp="2023-05-25T03:59:19 BDT" skipped="0">
  <testcase classname="selenium.alert.AlertTest" name="alertTest" time="11.836"/>
  <system-out/>
  <testcase classname="selenium.alert.AlertTest" name="alertConfirmOkTest" time="12.766"/>
  <system-out/>
  <testcase classname="selenium.alert.AlertTest" name="alertConfirmCacelTest" time="10.516"/>
  <system-out/>
  <testcase classname="selenium.alert.AlertTest" name="alertPromptTest" time="12.856"/>
  <system-out/>
</testsuite> <!-- selenium.alert.AlertTest -->
