<?xml version="1.0" encoding="UTF-8"?>
<!-- Generated by org.testng.reporters.JUnitReportReporter -->
<testsuite hostname="DESKTOP-U59VHUT" failures="0" tests="1" name="selenium.netlify.Netlify" time="8.447" errors="0" timestamp="2023-06-02T11:59:50 BDT" skipped="0">
  <testcase classname="selenium.netlify.Netlify" name="sliderTest" time="8.447"/>
  <system-out/>
</testsuite> <!-- selenium.netlify.Netlify -->
