<?xml version="1.0" encoding="UTF-8"?>
<!-- Generated by org.testng.reporters.JUnitReportReporter -->
<testsuite hostname="DESKTOP-U59VHUT" failures="0" tests="3" name="testng.inclusion.CarLoan" time="0.019" errors="0" timestamp="2023-05-06T11:59:26 BDT" skipped="0">
  <testcase classname="testng.inclusion.CarLoan" name="carLoanMobile" time="0.001"/>
  <system-out/>
  <testcase classname="testng.inclusion.CarLoan" name="carLoanWeb" time="0.002"/>
  <system-out/>
  <testcase classname="testng.inclusion.CarLoan" name="carLoanDesktop" time="0.016"/>
  <system-out/>
</testsuite> <!-- testng.inclusion.CarLoan -->
