<?xml version="1.0" encoding="UTF-8"?>
<!-- Generated by org.testng.reporters.JUnitReportReporter -->
<testsuite hostname="DESKTOP-U59VHUT" failures="0" tests="3" name="testng.inclusion.InclusionDemo" time="0.009" errors="0" timestamp="2023-05-06T11:46:29 BDT" skipped="1">
  <testcase classname="testng.inclusion.InclusionDemo" name="personalLoanMobile" time="0.005"/>
  <system-out/>
  <testcase classname="testng.inclusion.InclusionDemo" name="personalLoanDesktop" time="0.004"/>
  <system-out/>
  <testcase classname="testng.inclusion.InclusionDemo" name="personalLoanWeb">
    <skipped/>
  </testcase> <!-- personalLoanWeb -->
  <system-out/>
</testsuite> <!-- testng.inclusion.InclusionDemo -->
