<?xml version="1.0" encoding="UTF-8"?>
<!-- Generated by org.testng.reporters.JUnitReportReporter -->
<testsuite hostname="DESKTOP-U59VHUT" failures="0" tests="1" name="selenium.scroll.ScrollingDemo" time="8.545" errors="0" timestamp="2023-06-02T16:05:31 BDT" skipped="0">
  <testcase classname="selenium.scroll.ScrollingDemo" name="scrollTest1" time="8.545"/>
  <system-out/>
</testsuite> <!-- selenium.scroll.ScrollingDemo -->
